<?xml version="1.0" encoding="UTF-8"?>
<!-- Generated by org.testng.reporters.JUnitXMLReporter -->
<testsuite ignored="0" hostname="DESKTOP-3JB8JSN" failures="0" tests="3" name="Test" time="43.717" errors="0" timestamp="2024-07-24T19:20:34 IST">
  <testcase classname="SumeetGaikwad.Tests.SubmitOrderTest" name="submitOrder" time="14.899"/>
  <testcase classname="SumeetGaikwad.Tests.SubmitOrderTest" name="submitOrder" time="14.594"/>
  <testcase classname="SumeetGaikwad.Tests.ErrorValidations" name="submitOrder" time="1.07"/>
</testsuite> <!-- Test -->
