<?xml version="1.0" encoding="UTF-8"?>
<!-- Generated by org.testng.reporters.JUnitXMLReporter -->
<testsuite ignored="0" hostname="DESKTOP-3JB8JSN" failures="1" tests="4" name="Test" time="70.274" errors="0" timestamp="2024-07-17T21:17:14 IST">
  <testcase classname="SumeetGaikwad.Tests.SubmitOrderTest" name="submitOrder" time="14.866"/>
  <testcase classname="SumeetGaikwad.Tests.SubmitOrderTest" name="submitOrder" time="14.998"/>
  <testcase classname="SumeetGaikwad.Tests.ErrorValidations" name="submitOrder" time="0.417">
    <skipped/>
  </testcase> <!-- submitOrder -->
  <testcase classname="SumeetGaikwad.Tests.ErrorValidations" name="submitOrder" time="0.433">
    <failure type="java.lang.AssertionError" message="expected [Incorrect email or password.] but found [Incorrect emailpassword.]">
      <![CDATA[java.lang.AssertionError: expected [Incorrect email or password.] but found [Incorrect emailpassword.]
at SumeetGaikwad.Tests.ErrorValidations.submitOrder(ErrorValidations.java:34)
at java.base/java.util.ArrayList.forEach(ArrayList.java:1596)
... Removed 35 stack frames]]>
    </failure>
  </testcase> <!-- submitOrder -->
</testsuite> <!-- Test -->
