<?xml version="1.0" encoding="UTF-8"?>
<testng-results ignored="0" total="3" passed="3" failed="0" skipped="0">
  <reporter-output>
  </reporter-output>
  <suite started-at="2024-07-24T19:19:50 IST" name="Suite" finished-at="2024-07-24T19:20:34 IST" duration-ms="43717">
    <groups>
      <group name="Purchase">
        <method signature="SubmitOrderTest.submitOrder(java.util.HashMap)[pri:0, instance:SumeetGaikwad.Tests.SubmitOrderTest@7e057f43]" name="submitOrder" class="SumeetGaikwad.Tests.SubmitOrderTest"/>
      </group> <!-- Purchase -->
    </groups>
    <test started-at="2024-07-24T19:19:50 IST" name="Test" finished-at="2024-07-24T19:20:34 IST" duration-ms="43717">
      <class name="SumeetGaikwad.Tests.SubmitOrderTest">
        <test-method is-config="true" signature="launchApplication()[pri:0, instance:SumeetGaikwad.Tests.SubmitOrderTest@7e057f43]" started-at="2024-07-24T19:19:50 IST" name="launchApplication" finished-at="2024-07-24T19:19:58 IST" duration-ms="7754" status="PASS">
          <reporter-output>
          </reporter-output>
        </test-method> <!-- launchApplication -->
        <test-method signature="submitOrder(java.util.HashMap)[pri:0, instance:SumeetGaikwad.Tests.SubmitOrderTest@7e057f43]" started-at="2024-07-24T19:19:58 IST" name="submitOrder" data-provider="getData" finished-at="2024-07-24T19:20:13 IST" duration-ms="14899" status="PASS">
          <params>
            <param index="0">
              <value>
                <![CDATA[{Pname=ZARA COAT 3, password=Sumeet@123, email=sumeet@gmail.com}]]>
              </value>
            </param>
          </params>
          <reporter-output>
          </reporter-output>
        </test-method> <!-- submitOrder -->
        <test-method is-config="true" signature="tearDown()[pri:0, instance:SumeetGaikwad.Tests.SubmitOrderTest@7e057f43]" started-at="2024-07-24T19:20:13 IST" name="tearDown" finished-at="2024-07-24T19:20:13 IST" duration-ms="173" status="PASS">
          <reporter-output>
          </reporter-output>
        </test-method> <!-- tearDown -->
        <test-method is-config="true" signature="launchApplication()[pri:0, instance:SumeetGaikwad.Tests.SubmitOrderTest@7e057f43]" started-at="2024-07-24T19:20:13 IST" name="launchApplication" finished-at="2024-07-24T19:20:15 IST" duration-ms="2323" status="PASS">
          <reporter-output>
          </reporter-output>
        </test-method> <!-- launchApplication -->
        <test-method signature="submitOrder(java.util.HashMap)[pri:0, instance:SumeetGaikwad.Tests.SubmitOrderTest@7e057f43]" started-at="2024-07-24T19:20:15 IST" name="submitOrder" data-provider="getData" finished-at="2024-07-24T19:20:30 IST" duration-ms="14594" status="PASS">
          <params>
            <param index="0">
              <value>
                <![CDATA[{Pname=ADIDAS ORIGINAL, password=Sumeet@123, email=sumeet@gmail.com}]]>
              </value>
            </param>
          </params>
          <reporter-output>
          </reporter-output>
        </test-method> <!-- submitOrder -->
        <test-method is-config="true" signature="tearDown()[pri:0, instance:SumeetGaikwad.Tests.SubmitOrderTest@7e057f43]" started-at="2024-07-24T19:20:30 IST" name="tearDown" finished-at="2024-07-24T19:20:30 IST" duration-ms="173" status="PASS">
          <reporter-output>
          </reporter-output>
        </test-method> <!-- tearDown -->
      </class> <!-- SumeetGaikwad.Tests.SubmitOrderTest -->
      <class name="SumeetGaikwad.Tests.ErrorValidations">
        <test-method is-config="true" signature="launchApplication()[pri:0, instance:SumeetGaikwad.Tests.ErrorValidations@45d84a20]" started-at="2024-07-24T19:20:30 IST" name="launchApplication" finished-at="2024-07-24T19:20:32 IST" duration-ms="2343" status="PASS">
          <reporter-output>
          </reporter-output>
        </test-method> <!-- launchApplication -->
        <test-method signature="submitOrder()[pri:0, instance:SumeetGaikwad.Tests.ErrorValidations@45d84a20]" started-at="2024-07-24T19:20:32 IST" name="submitOrder" finished-at="2024-07-24T19:20:33 IST" duration-ms="1070" status="PASS">
          <reporter-output>
          </reporter-output>
        </test-method> <!-- submitOrder -->
        <test-method is-config="true" signature="tearDown()[pri:0, instance:SumeetGaikwad.Tests.ErrorValidations@45d84a20]" started-at="2024-07-24T19:20:33 IST" name="tearDown" finished-at="2024-07-24T19:20:34 IST" duration-ms="92" status="PASS">
          <reporter-output>
          </reporter-output>
        </test-method> <!-- tearDown -->
      </class> <!-- SumeetGaikwad.Tests.ErrorValidations -->
    </test> <!-- Test -->
  </suite> <!-- Suite -->
</testng-results>
